#
# There is insufficient memory for the Java Runtime Environment to continue.
# Native memory allocation (mmap) failed to map 264241152 bytes for G1 virtual space
# Possible reasons:
#   The system is out of physical RAM or swap space
#   The process is running with CompressedOops enabled, and the Java Heap may be blocking the growth of the native heap
# Possible solutions:
#   Reduce memory load on the system
#   Increase physical memory or swap space
#   Check if swap backing store is full
#   Decrease Java heap size (-Xmx/-Xms)
#   Decrease number of Java threads
#   Decrease Java thread stack sizes (-Xss)
#   Set larger code cache with -XX:ReservedCodeCacheSize=
#   JVM is running with Zero Based Compressed Oops mode in which the Java heap is
#     placed in the first 32GB address space. The Java Heap base address is the
#     maximum limit for the native heap growth. Please use -XX:HeapBaseMinAddress
#     to set the Java Heap base and to place the Java Heap above 32GB virtual address.
# This output file may be truncated or incomplete.
#
#  Out of Memory Error (os_windows.cpp:3530), pid=8464, tid=1716
#
# JRE version:  (18.0.1.1+2) (build )
# Java VM: Java HotSpot(TM) 64-Bit Server VM (18.0.1.1+2-6, mixed mode, sharing, tiered, compressed oops, compressed class ptrs, g1 gc, windows-amd64)
# No core dump will be written. Minidumps are not enabled by default on client versions of Windows
#

---------------  S U M M A R Y ------------

Command Line: -Dfile.encoding=UTF-8 --module-path=C:\Users\logonrmlocal\git\teste\Mmunhos\bin -XX:+ShowCodeDetailsInExceptionMessages -Djdk.module.main=Mmunhos Mmunhos/logicaaula06.Exercicio08

Host: Intel(R) Core(TM) i7-10700 CPU @ 2.90GHz, 16 cores, 15G,  Windows 10 , 64 bit Build 19041 (10.0.19041.1806)
Time: Wed Apr 19 17:27:48 2023 Tocantins Standard Time elapsed time: 0.007985 seconds (0d 0h 0m 0s)

---------------  T H R E A D  ---------------

Current thread (0x0000019a5c7f4a20):  JavaThread "Unknown thread" [_thread_in_vm, id=1716, stack(0x0000005921400000,0x0000005921500000)]

Stack: [0x0000005921400000,0x0000005921500000]
Native frames: (J=compiled Java code, j=interpreted, Vv=VM code, C=native code)
V  [jvm.dll+0x69887a]
V  [jvm.dll+0x7f38bd]
V  [jvm.dll+0x7f51ce]
V  [jvm.dll+0x7f5883]
V  [jvm.dll+0x25ca3f]
V  [jvm.dll+0x6957c9]
V  [jvm.dll+0x68a2fa]
V  [jvm.dll+0x321efb]
V  [jvm.dll+0x3298d6]
V  [jvm.dll+0x37e47e]
V  [jvm.dll+0x37e6af]
V  [jvm.dll+0x2f9c7a]
V  [jvm.dll+0x2facdd]
V  [jvm.dll+0x7c24f0]
V  [jvm.dll+0x38b801]
V  [jvm.dll+0x7a1203]
V  [jvm.dll+0x40d6bf]
V  [jvm.dll+0x40f091]
C  [jli.dll+0x526b]
C  [ucrtbase.dll+0x21bb2]
C  [KERNEL32.DLL+0x17034]
C  [ntdll.dll+0x52651]


---------------  P R O C E S S  ---------------

Threads class SMR info:
_java_thread_list=0x00007ffbeb23d550, length=0, elements={
}

Java Threads: ( => current thread )

Other Threads:
  0x0000019a5c866cf0 WorkerThread "GC Thread#0" [stack: 0x0000005921500000,0x0000005921600000] [id=16308]
  0x0000019a5c877e50 ConcurrentGCThread "G1 Main Marker" [stack: 0x0000005921600000,0x0000005921700000] [id=17176]
  0x0000019a5c878740 WorkerThread "G1 Conc#0" [stack: 0x0000005921700000,0x0000005921800000] [id=12192]

[error occurred during error reporting (printing all threads), id 0xc0000005, EXCEPTION_ACCESS_VIOLATION (0xc0000005) at pc=0x00007ffbeaa6a217]

VM state: not at safepoint (not fully initialized)

VM Mutex/Monitor currently owned by a thread:  ([mutex/lock_event])
[0x0000019a5c7f0900] Heap_lock - owner thread: 0x0000019a5c7f4a20

Heap address: 0x0000000704600000, size: 4026 MB, Compressed Oops mode: Zero based, Oop shift amount: 3

CDS archive(s) mapped at: [0x0000000000000000-0x0000000000000000-0x0000000000000000), size 0, SharedBaseAddress: 0x0000000800000000, ArchiveRelocationMode: 0.
Narrow klass base: 0x0000000000000000, Narrow klass shift: 0, Narrow klass range: 0x0

GC Precious Log:
 CardTable entry size: 512
 Card Set container configuration: InlinePtr #cards 4 size 8 Array Of Cards #cards 16 size 48 Howl #buckets 8 coarsen threshold 3686 Howl Bitmap #cards 512 size 80 coarsen threshold 460 Card regions per heap region 1 cards per card region 4096

Heap:
 garbage-first heap   total 0K, used 0K [0x0000000704600000, 0x0000000800000000)
  region size 2048K, 0 young (0K), 0 survivors (0K)

[error occurred during error reporting (printing heap information), id 0xc0000005, EXCEPTION_ACCESS_VIOLATION (0xc0000005) at pc=0x00007ffbeae50cb9]

GC Heap History (0 events):
No events

Deoptimization events (0 events):
No events

Classes loaded (0 events):
No events

Classes unloaded (0 events):
No events

Classes redefined (0 events):
No events

Internal exceptions (0 events):
No events

VM Operations (0 events):
No events

Events (1 events):
Event: 0.004 Loaded shared library C:\Program Files\Java\jdk-18.0.1.1\bin\java.dll


Dynamic libraries:
0x00007ff773ba0000 - 0x00007ff773bb0000 	C:\Program Files\Java\jdk-18.0.1.1\bin\javaw.exe
0x00007ffc2fcb0000 - 0x00007ffc2fea8000 	C:\windows\SYSTEM32\ntdll.dll
0x00007ffc2df10000 - 0x00007ffc2dfcd000 	C:\windows\System32\KERNEL32.DLL
0x00007ffc2d560000 - 0x00007ffc2d82e000 	C:\windows\System32\KERNELBASE.dll
0x00007ffc2daa0000 - 0x00007ffc2dba0000 	C:\windows\System32\ucrtbase.dll
0x00007ffc20e90000 - 0x00007ffc20eaa000 	C:\Program Files\Java\jdk-18.0.1.1\bin\VCRUNTIME140.dll
0x00007ffc20eb0000 - 0x00007ffc20ec8000 	C:\Program Files\Java\jdk-18.0.1.1\bin\jli.dll
0x00007ffc2f080000 - 0x00007ffc2f12e000 	C:\windows\System32\ADVAPI32.dll
0x00007ffc2dfd0000 - 0x00007ffc2e06e000 	C:\windows\System32\msvcrt.dll
0x00007ffc2e430000 - 0x00007ffc2e4cc000 	C:\windows\System32\sechost.dll
0x00007ffc2e600000 - 0x00007ffc2e725000 	C:\windows\System32\RPCRT4.dll
0x00007ffc2f130000 - 0x00007ffc2f2d0000 	C:\windows\System32\USER32.dll
0x00007ffc2d3f0000 - 0x00007ffc2d412000 	C:\windows\System32\win32u.dll
0x00007ffc0e840000 - 0x00007ffc0eada000 	C:\windows\WinSxS\amd64_microsoft.windows.common-controls_6595b64144ccf1df_6.0.19041.1110_none_60b5254171f9507e\COMCTL32.dll
0x00007ffc2f3b0000 - 0x00007ffc2f3da000 	C:\windows\System32\GDI32.dll
0x00007ffc2d830000 - 0x00007ffc2d93b000 	C:\windows\System32\gdi32full.dll
0x00007ffc2dba0000 - 0x00007ffc2dc3d000 	C:\windows\System32\msvcp_win.dll
0x00007ffc23400000 - 0x00007ffc2340a000 	C:\windows\SYSTEM32\VERSION.dll
0x00007ffc2e120000 - 0x00007ffc2e150000 	C:\windows\System32\IMM32.DLL
0x00007ffc20e80000 - 0x00007ffc20e8c000 	C:\Program Files\Java\jdk-18.0.1.1\bin\vcruntime140_1.dll
0x00007ffc20c60000 - 0x00007ffc20ced000 	C:\Program Files\Java\jdk-18.0.1.1\bin\msvcp140.dll
0x00007ffbea760000 - 0x00007ffbeb370000 	C:\Program Files\Java\jdk-18.0.1.1\bin\server\jvm.dll
0x00007ffc2df00000 - 0x00007ffc2df08000 	C:\windows\System32\PSAPI.DLL
0x00007ffc197b0000 - 0x00007ffc197d7000 	C:\windows\SYSTEM32\WINMM.dll
0x00007ffc20c40000 - 0x00007ffc20c49000 	C:\windows\SYSTEM32\WSOCK32.dll
0x00007ffc2eee0000 - 0x00007ffc2ef4b000 	C:\windows\System32\WS2_32.dll
0x00007ffc2bc80000 - 0x00007ffc2bc92000 	C:\windows\SYSTEM32\kernel.appcore.dll
0x00007ffc20c30000 - 0x00007ffc20c3a000 	C:\Program Files\Java\jdk-18.0.1.1\bin\jimage.dll
0x00007ffc2b010000 - 0x00007ffc2b1f4000 	C:\windows\SYSTEM32\DBGHELP.DLL
0x00007ffbfe770000 - 0x00007ffbfe79c000 	C:\windows\SYSTEM32\dbgcore.DLL
0x00007ffc2d4d0000 - 0x00007ffc2d552000 	C:\windows\System32\bcryptPrimitives.dll
0x00007ffc03150000 - 0x00007ffc03175000 	C:\Program Files\Java\jdk-18.0.1.1\bin\java.dll

dbghelp: loaded successfully - version: 4.0.5 - missing functions: none
symbol engine: initialized successfully - sym options: 0x614 - pdb path: .;C:\Program Files\Java\jdk-18.0.1.1\bin;C:\windows\SYSTEM32;C:\windows\WinSxS\amd64_microsoft.windows.common-controls_6595b64144ccf1df_6.0.19041.1110_none_60b5254171f9507e;C:\Program Files\Java\jdk-18.0.1.1\bin\server

VM Arguments:
jvm_args: -Dfile.encoding=UTF-8 --module-path=C:\Users\logonrmlocal\git\teste\Mmunhos\bin -XX:+ShowCodeDetailsInExceptionMessages -Djdk.module.main=Mmunhos 
java_command: Mmunhos/logicaaula06.Exercicio08
java_class_path (initial): <not set>
Launcher Type: SUN_STANDARD

[Global flags]
     intx CICompilerCount                          = 12                                        {product} {ergonomic}
     uint ConcGCThreads                            = 3                                         {product} {ergonomic}
     uint G1ConcRefinementThreads                  = 13                                        {product} {ergonomic}
   size_t G1HeapRegionSize                         = 2097152                                   {product} {ergonomic}
    uintx GCDrainStackTargetSize                   = 64                                        {product} {ergonomic}
   size_t InitialHeapSize                          = 264241152                                 {product} {ergonomic}
   size_t MarkStackSize                            = 4194304                                   {product} {ergonomic}
   size_t MaxHeapSize                              = 4221566976                                {product} {ergonomic}
   size_t MinHeapDeltaBytes                        = 2097152                                   {product} {ergonomic}
   size_t MinHeapSize                              = 8388608                                   {product} {ergonomic}
    uintx NonNMethodCodeHeapSize                   = 7602480                                {pd product} {ergonomic}
    uintx NonProfiledCodeHeapSize                  = 122027880                              {pd product} {ergonomic}
    uintx ProfiledCodeHeapSize                     = 122027880                              {pd product} {ergonomic}
    uintx ReservedCodeCacheSize                    = 251658240                              {pd product} {ergonomic}
     bool SegmentedCodeCache                       = true                                      {product} {ergonomic}
     bool ShowCodeDetailsInExceptionMessages       = true                                   {manageable} {command line}
   size_t SoftMaxHeapSize                          = 4221566976                             {manageable} {ergonomic}
     bool UseCompressedClassPointers               = true                           {product lp64_product} {ergonomic}
     bool UseCompressedOops                        = true                           {product lp64_product} {ergonomic}
     bool UseG1GC                                  = true                                      {product} {ergonomic}
     bool UseLargePagesIndividualAllocation        = false                                  {pd product} {ergonomic}

Logging:
Log output configuration:
 #0: stdout all=warning uptime,level,tags foldmultilines=false
 #1: stderr all=off uptime,level,tags foldmultilines=false

Environment Variables:
JAVA_HOME=C:\Program Files\Java\jdk1.8.0_333
PATH=c:/Program Files/Java/jdk-18.0.1.1/bin/server;c:/Program Files/Java/jdk-18.0.1.1/bin;C:\Program Files (x86)\VMware\VMware Workstation\bin\;C:\TwinCAT\Common64;C:\TwinCAT\Common32;C:\ProgramData\Anaconda3\Scripts;C:\ProgramData\Anaconda3;C:\Python27\;C:\Python27\Scripts;C:\Python310\Scripts\;C:\Python310\;C:\Program Files (x86)\NVIDIA Corporation\PhysX\Common;C:\Program Files\Microsoft MPI\Bin\;C:\Program Files\Common Files\Oracle\Java\javapath;C:\Program Files (x86)\Common Files\Oracle\Java\javapath;C:\Windows\system32;C:\Windows;C:\Windows\System32\Wbem;C:\Windows\System32\WindowsPowerShell\v1.0\;C:\Windows\System32\OpenSSH\;C:\Program Files\Microsoft VS Code\bin;C:\Program Files\Amazon\AWSCLIV2\;C:\Program Files (x86)\WinSCP\;C:\Opensource\apache-cassandra-3.11.13\bin;C:\xampp\php;C:\ProgramData\ComposerSetup\bin;C:\Opensource\apache-maven-3.8.6\bin;C:\Program Files\Microsoft SQL Server\120\Tools\Binn\;C:\Program Files\dotnet\;C:\Program Files\Microsoft SQL Server\Client SDK\ODBC\170\Tools\Binn\;C:\Program Files (x86)\Microsoft SQL Server\150\Tools\Binn\;C:\Program Files\Microsoft SQL Server\150\Tools\Binn\;C:\Program Files\Microsoft SQL Server\150\DTS\Binn\;C:\Program Files (x86)\Microsoft SQL Server\150\DTS\Binn\;C:\Program Files\Azure Data Studio\bin;C:\Program Files\PuTTY\;C:\Program Files (x86)\Windows Kits\8.1\Windows Performance Toolkit\;C:\Program Files\Git\cmd;C:\Program Files (x86)\Microchip\MPLAB C32 Suite\bin;C:\Program Files\nodejs\;C:\ProgramData\chocolatey\bin;C:\HashiCorp\Vagrant\bin;C:\src\flutter\bin;C:\Opensource\gradle-7.4.2\bin;C:\Opensource\terraform_1.2.2;C:\Program Files\Docker\Docker\resources\bin;C:\ProgramData\DockerDesktop\version-bin;C:\Android_SDK\tools;C:\Android_SDK\platform-tools;C:\Android_SDK\build-tools\33.0.0;C:\Program Files\Common Files\Autodesk Shared\;C:\Program Files\MySQL\MySQL Shell 8.0\bin\;C:\Users\logonrmlocal\AppData\Local\Microsoft\WindowsApps;C:\Users\logonrmlocal\AppData\Roaming\Composer\vendor\bin;C:\Users\logonrmlocal\AppData\Local\Programs\Rancher Desktop\resources\resources\win32\bin;C:\Users\logonrmlocal\AppData\Local\Programs\Rancher Desktop\resources\resources\linux\bin;C:\Program Files\Azure Data Studio\bin;C:\Users\logonrmlocal\AppData\Local\GitHubDesktop\bin;C:\Program Files\JetBrains\IntelliJ IDEA Community Edition 2022.1.2\bin;;C:\Users\logonrmlocal\AppData\Roaming\npm;C:\Users\logonrmlocal\.dotnet\tools;C:\intelFPGA_lite\18.1\modelsim_ase\win32aloem;C:\windows\system32;
USERNAME=logonrmlocal
OS=Windows_NT
PROCESSOR_IDENTIFIER=Intel64 Family 6 Model 165 Stepping 5, GenuineIntel



---------------  S Y S T E M  ---------------

OS:
 Windows 10 , 64 bit Build 19041 (10.0.19041.1806)
OS uptime: 0 days 4:53 hours
Hyper-V role detected

CPU: total 16 (initial active 16) (8 cores per cpu, 2 threads per core) family 6 model 165 stepping 5 microcode 0xee, cx8, cmov, fxsr, ht, mmx, 3dnowpref, sse, sse2, sse3, ssse3, sse4.1, sse4.2, popcnt, lzcnt, tsc, tscinvbit, avx, avx2, aes, erms, clmul, bmi1, bmi2, adx, fma, vzeroupper, clflush, clflushopt, hv

Memory: 4k page, system-wide physical 16096M (6277M free)
TotalPageFile size 16096M (AvailPageFile size 79M)
current process WorkingSet (physical memory assigned to process): 10M, peak: 10M
current process commit charge ("private bytes"): 70M, peak: 322M

vm_info: Java HotSpot(TM) 64-Bit Server VM (18.0.1.1+2-6) for windows-amd64 JRE (18.0.1.1+2-6), built on Apr 25 2022 21:53:15 by "mach5one" with MS VC++ 16.8 / 16.9 (VS2019)

END.
