#
# There is insufficient memory for the Java Runtime Environment to continue.
# Native memory allocation (malloc) failed to allocate 149376 bytes for Chunk::new
# Possible reasons:
#   The system is out of physical RAM or swap space
#   The process is running with CompressedOops enabled, and the Java Heap may be blocking the growth of the native heap
# Possible solutions:
#   Reduce memory load on the system
#   Increase physical memory or swap space
#   Check if swap backing store is full
#   Decrease Java heap size (-Xmx/-Xms)
#   Decrease number of Java threads
#   Decrease Java thread stack sizes (-Xss)
#   Set larger code cache with -XX:ReservedCodeCacheSize=
#   JVM is running with Zero Based Compressed Oops mode in which the Java heap is
#     placed in the first 32GB address space. The Java Heap base address is the
#     maximum limit for the native heap growth. Please use -XX:HeapBaseMinAddress
#     to set the Java Heap base and to place the Java Heap above 32GB virtual address.
# This output file may be truncated or incomplete.
#
#  Out of Memory Error (arena.cpp:184), pid=14644, tid=15304
#
# JRE version: Java(TM) SE Runtime Environment (18.0.1.1+2) (build 18.0.1.1+2-6)
# Java VM: Java HotSpot(TM) 64-Bit Server VM (18.0.1.1+2-6, mixed mode, sharing, tiered, compressed oops, compressed class ptrs, g1 gc, windows-amd64)
# No core dump will be written. Minidumps are not enabled by default on client versions of Windows
#

---------------  S U M M A R Y ------------

Command Line: -Dfile.encoding=UTF-8 --module-path=C:\Users\logonrmlocal\git\teste\Mmunhos\bin -XX:+ShowCodeDetailsInExceptionMessages -Djdk.module.main=Mmunhos Mmunhos/logicaaula06.Exercicio07

Host: Intel(R) Core(TM) i7-10700 CPU @ 2.90GHz, 16 cores, 15G,  Windows 10 , 64 bit Build 19041 (10.0.19041.1806)
Time: Wed Apr 19 17:30:41 2023 Tocantins Standard Time elapsed time: 0.055022 seconds (0d 0h 0m 0s)

---------------  T H R E A D  ---------------

Current thread (0x0000018855ef1770):  JavaThread "C2 CompilerThread0" daemon [_thread_in_native, id=15304, stack(0x0000003162300000,0x0000003162400000)]


Current CompileTask:
C2:     55  190       4       java.util.HashMap::putVal (300 bytes)

Stack: [0x0000003162300000,0x0000003162400000]
Native frames: (J=compiled Java code, j=interpreted, Vv=VM code, C=native code)
V  [jvm.dll+0x69887a]
V  [jvm.dll+0x7f38bd]
V  [jvm.dll+0x7f51ce]
V  [jvm.dll+0x7f5883]
V  [jvm.dll+0x25ca3f]
V  [jvm.dll+0xb8c2f]
V  [jvm.dll+0xb8fa5]
V  [jvm.dll+0x2c794f]
V  [jvm.dll+0x5a05b0]
V  [jvm.dll+0x238398]
V  [jvm.dll+0x2319c5]
V  [jvm.dll+0x22eeeb]
V  [jvm.dll+0x1b9cfc]
V  [jvm.dll+0x23e8ca]
V  [jvm.dll+0x23cbb5]
V  [jvm.dll+0x7a5fb1]
V  [jvm.dll+0x7a03ea]
V  [jvm.dll+0x697725]
C  [ucrtbase.dll+0x21bb2]
C  [KERNEL32.DLL+0x17034]
C  [ntdll.dll+0x52651]


---------------  P R O C E S S  ---------------

Threads class SMR info:
_java_thread_list=0x000001885a2390d0, length=14, elements={
0x0000018830856300, 0x0000018855eac0e0, 0x0000018855eadee0, 0x0000018855ec92f0,
0x0000018855ecabb0, 0x0000018855ecb670, 0x0000018855ece8d0, 0x0000018855ef1770,
0x0000018855efb490, 0x0000018855f0e550, 0x000001885a1bd360, 0x000001885a1d2990,
0x000001885a1d14a0, 0x000001885a252440
}

Java Threads: ( => current thread )
  0x0000018830856300 JavaThread "main" [_thread_in_Java, id=14492, stack(0x0000003161600000,0x0000003161700000)]
  0x0000018855eac0e0 JavaThread "Reference Handler" daemon [_thread_blocked, id=16184, stack(0x0000003161d00000,0x0000003161e00000)]
  0x0000018855eadee0 JavaThread "Finalizer" daemon [_thread_blocked, id=14708, stack(0x0000003161e00000,0x0000003161f00000)]
  0x0000018855ec92f0 JavaThread "Signal Dispatcher" daemon [_thread_blocked, id=16916, stack(0x0000003161f00000,0x0000003162000000)]
  0x0000018855ecabb0 JavaThread "Attach Listener" daemon [_thread_blocked, id=16416, stack(0x0000003162000000,0x0000003162100000)]
  0x0000018855ecb670 JavaThread "Service Thread" daemon [_thread_blocked, id=14988, stack(0x0000003162100000,0x0000003162200000)]
  0x0000018855ece8d0 JavaThread "Monitor Deflation Thread" daemon [_thread_blocked, id=15860, stack(0x0000003162200000,0x0000003162300000)]
=>0x0000018855ef1770 JavaThread "C2 CompilerThread0" daemon [_thread_in_native, id=15304, stack(0x0000003162300000,0x0000003162400000)]
  0x0000018855efb490 JavaThread "C1 CompilerThread0" daemon [_thread_blocked, id=16656, stack(0x0000003162400000,0x0000003162500000)]
  0x0000018855f0e550 JavaThread "Sweeper thread" daemon [_thread_blocked, id=16996, stack(0x0000003162500000,0x0000003162600000)]
  0x000001885a1bd360 JavaThread "Common-Cleaner" daemon [_thread_blocked, id=14456, stack(0x0000003162600000,0x0000003162700000)]
  0x000001885a1d2990 JavaThread "C1 CompilerThread1" daemon [_thread_blocked, id=13932, stack(0x0000003162700000,0x0000003162800000)]
  0x000001885a1d14a0 JavaThread "C1 CompilerThread2" daemon [_thread_blocked, id=13928, stack(0x0000003162800000,0x0000003162900000)]
  0x000001885a252440 JavaThread "Notification Thread" daemon [_thread_blocked, id=15952, stack(0x0000003162900000,0x0000003162a00000)]

Other Threads:
  0x0000018855ea9d10 VMThread "VM Thread" [stack: 0x0000003161c00000,0x0000003161d00000] [id=14816]
  0x000001885a1d21c0 WatcherThread "VM Periodic Task Thread" [stack: 0x0000003162a00000,0x0000003162b00000] [id=16772]
  0x00000188308c5850 WorkerThread "GC Thread#0" [stack: 0x0000003161700000,0x0000003161800000] [id=14496]
  0x00000188308d79d0 ConcurrentGCThread "G1 Main Marker" [stack: 0x0000003161800000,0x0000003161900000] [id=14516]
  0x00000188308d82d0 WorkerThread "G1 Conc#0" [stack: 0x0000003161900000,0x0000003161a00000] [id=14532]
  0x0000018855d5e560 ConcurrentGCThread "G1 Refine#0" [stack: 0x0000003161a00000,0x0000003161b00000] [id=11236]
  0x0000018855d5ec20 ConcurrentGCThread "G1 Service" [stack: 0x0000003161b00000,0x0000003161c00000] [id=16124]

Threads with active compile tasks:
C2 CompilerThread0       65  190       4       java.util.HashMap::putVal (300 bytes)

VM state: not at safepoint (normal execution)

VM Mutex/Monitor currently owned by a thread: None

Heap address: 0x0000000704600000, size: 4026 MB, Compressed Oops mode: Zero based, Oop shift amount: 3

CDS archive(s) mapped at: [0x0000000800000000-0x0000000800ba0000-0x0000000800ba0000), size 12189696, SharedBaseAddress: 0x0000000800000000, ArchiveRelocationMode: 0.
Compressed class space mapped at: 0x0000000800c00000-0x0000000840c00000, reserved size: 1073741824
Narrow klass base: 0x0000000800000000, Narrow klass shift: 0, Narrow klass range: 0x100000000

GC Precious Log:
 CardTable entry size: 512
 Card Set container configuration: InlinePtr #cards 4 size 8 Array Of Cards #cards 16 size 48 Howl #buckets 8 coarsen threshold 3686 Howl Bitmap #cards 512 size 80 coarsen threshold 460 Card regions per heap region 1 cards per card region 4096
 CPUs: 16 total, 16 available
 Memory: 16096M
 Large Page Support: Disabled
 NUMA Support: Disabled
 Compressed Oops: Enabled (Zero based)
 Heap Region Size: 2M
 Heap Min Capacity: 8M
 Heap Initial Capacity: 252M
 Heap Max Capacity: 4026M
 Pre-touch: Disabled
 Parallel Workers: 13
 Concurrent Workers: 3
 Concurrent Refinement Workers: 13
 Periodic GC: Disabled

Heap:
 garbage-first heap   total 258048K, used 2048K [0x0000000704600000, 0x0000000800000000)
  region size 2048K, 2 young (4096K), 0 survivors (0K)
 Metaspace       used 755K, committed 896K, reserved 1114112K
  class space    used 64K, committed 128K, reserved 1048576K

Heap Regions: E=young(eden), S=young(survivor), O=old, HS=humongous(starts), HC=humongous(continues), CS=collection set, F=free, OA=open archive, CA=closed archive, TAMS=top-at-mark-start (previous, next)
|   0|0x0000000704600000, 0x0000000704600000, 0x0000000704800000|  0%| F|  |TAMS 0x0000000704600000, 0x0000000704600000| Untracked 
|   1|0x0000000704800000, 0x0000000704800000, 0x0000000704a00000|  0%| F|  |TAMS 0x0000000704800000, 0x0000000704800000| Untracked 
|   2|0x0000000704a00000, 0x0000000704a00000, 0x0000000704c00000|  0%| F|  |TAMS 0x0000000704a00000, 0x0000000704a00000| Untracked 
|   3|0x0000000704c00000, 0x0000000704c00000, 0x0000000704e00000|  0%| F|  |TAMS 0x0000000704c00000, 0x0000000704c00000| Untracked 
|   4|0x0000000704e00000, 0x0000000704e00000, 0x0000000705000000|  0%| F|  |TAMS 0x0000000704e00000, 0x0000000704e00000| Untracked 
|   5|0x0000000705000000, 0x0000000705000000, 0x0000000705200000|  0%| F|  |TAMS 0x0000000705000000, 0x0000000705000000| Untracked 
|   6|0x0000000705200000, 0x0000000705200000, 0x0000000705400000|  0%| F|  |TAMS 0x0000000705200000, 0x0000000705200000| Untracked 
|   7|0x0000000705400000, 0x0000000705400000, 0x0000000705600000|  0%| F|  |TAMS 0x0000000705400000, 0x0000000705400000| Untracked 
|   8|0x0000000705600000, 0x0000000705600000, 0x0000000705800000|  0%| F|  |TAMS 0x0000000705600000, 0x0000000705600000| Untracked 
|   9|0x0000000705800000, 0x0000000705800000, 0x0000000705a00000|  0%| F|  |TAMS 0x0000000705800000, 0x0000000705800000| Untracked 
|  10|0x0000000705a00000, 0x0000000705a00000, 0x0000000705c00000|  0%| F|  |TAMS 0x0000000705a00000, 0x0000000705a00000| Untracked 
|  11|0x0000000705c00000, 0x0000000705c00000, 0x0000000705e00000|  0%| F|  |TAMS 0x0000000705c00000, 0x0000000705c00000| Untracked 
|  12|0x0000000705e00000, 0x0000000705e00000, 0x0000000706000000|  0%| F|  |TAMS 0x0000000705e00000, 0x0000000705e00000| Untracked 
|  13|0x0000000706000000, 0x0000000706000000, 0x0000000706200000|  0%| F|  |TAMS 0x0000000706000000, 0x0000000706000000| Untracked 
|  14|0x0000000706200000, 0x0000000706200000, 0x0000000706400000|  0%| F|  |TAMS 0x0000000706200000, 0x0000000706200000| Untracked 
|  15|0x0000000706400000, 0x0000000706400000, 0x0000000706600000|  0%| F|  |TAMS 0x0000000706400000, 0x0000000706400000| Untracked 
|  16|0x0000000706600000, 0x0000000706600000, 0x0000000706800000|  0%| F|  |TAMS 0x0000000706600000, 0x0000000706600000| Untracked 
|  17|0x0000000706800000, 0x0000000706800000, 0x0000000706a00000|  0%| F|  |TAMS 0x0000000706800000, 0x0000000706800000| Untracked 
|  18|0x0000000706a00000, 0x0000000706a00000, 0x0000000706c00000|  0%| F|  |TAMS 0x0000000706a00000, 0x0000000706a00000| Untracked 
|  19|0x0000000706c00000, 0x0000000706c00000, 0x0000000706e00000|  0%| F|  |TAMS 0x0000000706c00000, 0x0000000706c00000| Untracked 
|  20|0x0000000706e00000, 0x0000000706e00000, 0x0000000707000000|  0%| F|  |TAMS 0x0000000706e00000, 0x0000000706e00000| Untracked 
|  21|0x0000000707000000, 0x0000000707000000, 0x0000000707200000|  0%| F|  |TAMS 0x0000000707000000, 0x0000000707000000| Untracked 
|  22|0x0000000707200000, 0x0000000707200000, 0x0000000707400000|  0%| F|  |TAMS 0x0000000707200000, 0x0000000707200000| Untracked 
|  23|0x0000000707400000, 0x0000000707400000, 0x0000000707600000|  0%| F|  |TAMS 0x0000000707400000, 0x0000000707400000| Untracked 
|  24|0x0000000707600000, 0x0000000707600000, 0x0000000707800000|  0%| F|  |TAMS 0x0000000707600000, 0x0000000707600000| Untracked 
|  25|0x0000000707800000, 0x0000000707800000, 0x0000000707a00000|  0%| F|  |TAMS 0x0000000707800000, 0x0000000707800000| Untracked 
|  26|0x0000000707a00000, 0x0000000707a00000, 0x0000000707c00000|  0%| F|  |TAMS 0x0000000707a00000, 0x0000000707a00000| Untracked 
|  27|0x0000000707c00000, 0x0000000707c00000, 0x0000000707e00000|  0%| F|  |TAMS 0x0000000707c00000, 0x0000000707c00000| Untracked 
|  28|0x0000000707e00000, 0x0000000707e00000, 0x0000000708000000|  0%| F|  |TAMS 0x0000000707e00000, 0x0000000707e00000| Untracked 
|  29|0x0000000708000000, 0x0000000708000000, 0x0000000708200000|  0%| F|  |TAMS 0x0000000708000000, 0x0000000708000000| Untracked 
|  30|0x0000000708200000, 0x0000000708200000, 0x0000000708400000|  0%| F|  |TAMS 0x0000000708200000, 0x0000000708200000| Untracked 
|  31|0x0000000708400000, 0x0000000708400000, 0x0000000708600000|  0%| F|  |TAMS 0x0000000708400000, 0x0000000708400000| Untracked 
|  32|0x0000000708600000, 0x0000000708600000, 0x0000000708800000|  0%| F|  |TAMS 0x0000000708600000, 0x0000000708600000| Untracked 
|  33|0x0000000708800000, 0x0000000708800000, 0x0000000708a00000|  0%| F|  |TAMS 0x0000000708800000, 0x0000000708800000| Untracked 
|  34|0x0000000708a00000, 0x0000000708a00000, 0x0000000708c00000|  0%| F|  |TAMS 0x0000000708a00000, 0x0000000708a00000| Untracked 
|  35|0x0000000708c00000, 0x0000000708c00000, 0x0000000708e00000|  0%| F|  |TAMS 0x0000000708c00000, 0x0000000708c00000| Untracked 
|  36|0x0000000708e00000, 0x0000000708e00000, 0x0000000709000000|  0%| F|  |TAMS 0x0000000708e00000, 0x0000000708e00000| Untracked 
|  37|0x0000000709000000, 0x0000000709000000, 0x0000000709200000|  0%| F|  |TAMS 0x0000000709000000, 0x0000000709000000| Untracked 
|  38|0x0000000709200000, 0x0000000709200000, 0x0000000709400000|  0%| F|  |TAMS 0x0000000709200000, 0x0000000709200000| Untracked 
|  39|0x0000000709400000, 0x0000000709400000, 0x0000000709600000|  0%| F|  |TAMS 0x0000000709400000, 0x0000000709400000| Untracked 
|  40|0x0000000709600000, 0x0000000709600000, 0x0000000709800000|  0%| F|  |TAMS 0x0000000709600000, 0x0000000709600000| Untracked 
|  41|0x0000000709800000, 0x0000000709800000, 0x0000000709a00000|  0%| F|  |TAMS 0x0000000709800000, 0x0000000709800000| Untracked 
|  42|0x0000000709a00000, 0x0000000709a00000, 0x0000000709c00000|  0%| F|  |TAMS 0x0000000709a00000, 0x0000000709a00000| Untracked 
|  43|0x0000000709c00000, 0x0000000709c00000, 0x0000000709e00000|  0%| F|  |TAMS 0x0000000709c00000, 0x0000000709c00000| Untracked 
|  44|0x0000000709e00000, 0x0000000709e00000, 0x000000070a000000|  0%| F|  |TAMS 0x0000000709e00000, 0x0000000709e00000| Untracked 
|  45|0x000000070a000000, 0x000000070a000000, 0x000000070a200000|  0%| F|  |TAMS 0x000000070a000000, 0x000000070a000000| Untracked 
|  46|0x000000070a200000, 0x000000070a200000, 0x000000070a400000|  0%| F|  |TAMS 0x000000070a200000, 0x000000070a200000| Untracked 
|  47|0x000000070a400000, 0x000000070a400000, 0x000000070a600000|  0%| F|  |TAMS 0x000000070a400000, 0x000000070a400000| Untracked 
|  48|0x000000070a600000, 0x000000070a600000, 0x000000070a800000|  0%| F|  |TAMS 0x000000070a600000, 0x000000070a600000| Untracked 
|  49|0x000000070a800000, 0x000000070a800000, 0x000000070aa00000|  0%| F|  |TAMS 0x000000070a800000, 0x000000070a800000| Untracked 
|  50|0x000000070aa00000, 0x000000070aa00000, 0x000000070ac00000|  0%| F|  |TAMS 0x000000070aa00000, 0x000000070aa00000| Untracked 
|  51|0x000000070ac00000, 0x000000070ac00000, 0x000000070ae00000|  0%| F|  |TAMS 0x000000070ac00000, 0x000000070ac00000| Untracked 
|  52|0x000000070ae00000, 0x000000070ae00000, 0x000000070b000000|  0%| F|  |TAMS 0x000000070ae00000, 0x000000070ae00000| Untracked 
|  53|0x000000070b000000, 0x000000070b000000, 0x000000070b200000|  0%| F|  |TAMS 0x000000070b000000, 0x000000070b000000| Untracked 
|  54|0x000000070b200000, 0x000000070b200000, 0x000000070b400000|  0%| F|  |TAMS 0x000000070b200000, 0x000000070b200000| Untracked 
|  55|0x000000070b400000, 0x000000070b400000, 0x000000070b600000|  0%| F|  |TAMS 0x000000070b400000, 0x000000070b400000| Untracked 
|  56|0x000000070b600000, 0x000000070b600000, 0x000000070b800000|  0%| F|  |TAMS 0x000000070b600000, 0x000000070b600000| Untracked 
|  57|0x000000070b800000, 0x000000070b800000, 0x000000070ba00000|  0%| F|  |TAMS 0x000000070b800000, 0x000000070b800000| Untracked 
|  58|0x000000070ba00000, 0x000000070ba00000, 0x000000070bc00000|  0%| F|  |TAMS 0x000000070ba00000, 0x000000070ba00000| Untracked 
|  59|0x000000070bc00000, 0x000000070bc00000, 0x000000070be00000|  0%| F|  |TAMS 0x000000070bc00000, 0x000000070bc00000| Untracked 
|  60|0x000000070be00000, 0x000000070be00000, 0x000000070c000000|  0%| F|  |TAMS 0x000000070be00000, 0x000000070be00000| Untracked 
|  61|0x000000070c000000, 0x000000070c000000, 0x000000070c200000|  0%| F|  |TAMS 0x000000070c000000, 0x000000070c000000| Untracked 
|  62|0x000000070c200000, 0x000000070c200000, 0x000000070c400000|  0%| F|  |TAMS 0x000000070c200000, 0x000000070c200000| Untracked 
|  63|0x000000070c400000, 0x000000070c400000, 0x000000070c600000|  0%| F|  |TAMS 0x000000070c400000, 0x000000070c400000| Untracked 
|  64|0x000000070c600000, 0x000000070c600000, 0x000000070c800000|  0%| F|  |TAMS 0x000000070c600000, 0x000000070c600000| Untracked 
|  65|0x000000070c800000, 0x000000070c800000, 0x000000070ca00000|  0%| F|  |TAMS 0x000000070c800000, 0x000000070c800000| Untracked 
|  66|0x000000070ca00000, 0x000000070ca00000, 0x000000070cc00000|  0%| F|  |TAMS 0x000000070ca00000, 0x000000070ca00000| Untracked 
|  67|0x000000070cc00000, 0x000000070cc00000, 0x000000070ce00000|  0%| F|  |TAMS 0x000000070cc00000, 0x000000070cc00000| Untracked 
|  68|0x000000070ce00000, 0x000000070ce00000, 0x000000070d000000|  0%| F|  |TAMS 0x000000070ce00000, 0x000000070ce00000| Untracked 
|  69|0x000000070d000000, 0x000000070d000000, 0x000000070d200000|  0%| F|  |TAMS 0x000000070d000000, 0x000000070d000000| Untracked 
|  70|0x000000070d200000, 0x000000070d200000, 0x000000070d400000|  0%| F|  |TAMS 0x000000070d200000, 0x000000070d200000| Untracked 
|  71|0x000000070d400000, 0x000000070d400000, 0x000000070d600000|  0%| F|  |TAMS 0x000000070d400000, 0x000000070d400000| Untracked 
|  72|0x000000070d600000, 0x000000070d600000, 0x000000070d800000|  0%| F|  |TAMS 0x000000070d600000, 0x000000070d600000| Untracked 
|  73|0x000000070d800000, 0x000000070d800000, 0x000000070da00000|  0%| F|  |TAMS 0x000000070d800000, 0x000000070d800000| Untracked 
|  74|0x000000070da00000, 0x000000070da00000, 0x000000070dc00000|  0%| F|  |TAMS 0x000000070da00000, 0x000000070da00000| Untracked 
|  75|0x000000070dc00000, 0x000000070dc00000, 0x000000070de00000|  0%| F|  |TAMS 0x000000070dc00000, 0x000000070dc00000| Untracked 
|  76|0x000000070de00000, 0x000000070de00000, 0x000000070e000000|  0%| F|  |TAMS 0x000000070de00000, 0x000000070de00000| Untracked 
|  77|0x000000070e000000, 0x000000070e000000, 0x000000070e200000|  0%| F|  |TAMS 0x000000070e000000, 0x000000070e000000| Untracked 
|  78|0x000000070e200000, 0x000000070e200000, 0x000000070e400000|  0%| F|  |TAMS 0x000000070e200000, 0x000000070e200000| Untracked 
|  79|0x000000070e400000, 0x000000070e400000, 0x000000070e600000|  0%| F|  |TAMS 0x000000070e400000, 0x000000070e400000| Untracked 
|  80|0x000000070e600000, 0x000000070e600000, 0x000000070e800000|  0%| F|  |TAMS 0x000000070e600000, 0x000000070e600000| Untracked 
|  81|0x000000070e800000, 0x000000070e800000, 0x000000070ea00000|  0%| F|  |TAMS 0x000000070e800000, 0x000000070e800000| Untracked 
|  82|0x000000070ea00000, 0x000000070ea00000, 0x000000070ec00000|  0%| F|  |TAMS 0x000000070ea00000, 0x000000070ea00000| Untracked 
|  83|0x000000070ec00000, 0x000000070ec00000, 0x000000070ee00000|  0%| F|  |TAMS 0x000000070ec00000, 0x000000070ec00000| Untracked 
|  84|0x000000070ee00000, 0x000000070ee00000, 0x000000070f000000|  0%| F|  |TAMS 0x000000070ee00000, 0x000000070ee00000| Untracked 
|  85|0x000000070f000000, 0x000000070f000000, 0x000000070f200000|  0%| F|  |TAMS 0x000000070f000000, 0x000000070f000000| Untracked 
|  86|0x000000070f200000, 0x000000070f200000, 0x000000070f400000|  0%| F|  |TAMS 0x000000070f200000, 0x000000070f200000| Untracked 
|  87|0x000000070f400000, 0x000000070f400000, 0x000000070f600000|  0%| F|  |TAMS 0x000000070f400000, 0x000000070f400000| Untracked 
|  88|0x000000070f600000, 0x000000070f600000, 0x000000070f800000|  0%| F|  |TAMS 0x000000070f600000, 0x000000070f600000| Untracked 
|  89|0x000000070f800000, 0x000000070f800000, 0x000000070fa00000|  0%| F|  |TAMS 0x000000070f800000, 0x000000070f800000| Untracked 
|  90|0x000000070fa00000, 0x000000070fa00000, 0x000000070fc00000|  0%| F|  |TAMS 0x000000070fa00000, 0x000000070fa00000| Untracked 
|  91|0x000000070fc00000, 0x000000070fc00000, 0x000000070fe00000|  0%| F|  |TAMS 0x000000070fc00000, 0x000000070fc00000| Untracked 
|  92|0x000000070fe00000, 0x000000070fe00000, 0x0000000710000000|  0%| F|  |TAMS 0x000000070fe00000, 0x000000070fe00000| Untracked 
|  93|0x0000000710000000, 0x0000000710000000, 0x0000000710200000|  0%| F|  |TAMS 0x0000000710000000, 0x0000000710000000| Untracked 
|  94|0x0000000710200000, 0x0000000710200000, 0x0000000710400000|  0%| F|  |TAMS 0x0000000710200000, 0x0000000710200000| Untracked 
|  95|0x0000000710400000, 0x0000000710400000, 0x0000000710600000|  0%| F|  |TAMS 0x0000000710400000, 0x0000000710400000| Untracked 
|  96|0x0000000710600000, 0x0000000710600000, 0x0000000710800000|  0%| F|  |TAMS 0x0000000710600000, 0x0000000710600000| Untracked 
|  97|0x0000000710800000, 0x0000000710800000, 0x0000000710a00000|  0%| F|  |TAMS 0x0000000710800000, 0x0000000710800000| Untracked 
|  98|0x0000000710a00000, 0x0000000710a00000, 0x0000000710c00000|  0%| F|  |TAMS 0x0000000710a00000, 0x0000000710a00000| Untracked 
|  99|0x0000000710c00000, 0x0000000710c00000, 0x0000000710e00000|  0%| F|  |TAMS 0x0000000710c00000, 0x0000000710c00000| Untracked 
| 100|0x0000000710e00000, 0x0000000710e00000, 0x0000000711000000|  0%| F|  |TAMS 0x0000000710e00000, 0x0000000710e00000| Untracked 
| 101|0x0000000711000000, 0x0000000711000000, 0x0000000711200000|  0%| F|  |TAMS 0x0000000711000000, 0x0000000711000000| Untracked 
| 102|0x0000000711200000, 0x0000000711200000, 0x0000000711400000|  0%| F|  |TAMS 0x0000000711200000, 0x0000000711200000| Untracked 
| 103|0x0000000711400000, 0x0000000711400000, 0x0000000711600000|  0%| F|  |TAMS 0x0000000711400000, 0x0000000711400000| Untracked 
| 104|0x0000000711600000, 0x0000000711600000, 0x0000000711800000|  0%| F|  |TAMS 0x0000000711600000, 0x0000000711600000| Untracked 
| 105|0x0000000711800000, 0x0000000711800000, 0x0000000711a00000|  0%| F|  |TAMS 0x0000000711800000, 0x0000000711800000| Untracked 
| 106|0x0000000711a00000, 0x0000000711a00000, 0x0000000711c00000|  0%| F|  |TAMS 0x0000000711a00000, 0x0000000711a00000| Untracked 
| 107|0x0000000711c00000, 0x0000000711c00000, 0x0000000711e00000|  0%| F|  |TAMS 0x0000000711c00000, 0x0000000711c00000| Untracked 
| 108|0x0000000711e00000, 0x0000000711e00000, 0x0000000712000000|  0%| F|  |TAMS 0x0000000711e00000, 0x0000000711e00000| Untracked 
| 109|0x0000000712000000, 0x0000000712000000, 0x0000000712200000|  0%| F|  |TAMS 0x0000000712000000, 0x0000000712000000| Untracked 
| 110|0x0000000712200000, 0x0000000712200000, 0x0000000712400000|  0%| F|  |TAMS 0x0000000712200000, 0x0000000712200000| Untracked 
| 111|0x0000000712400000, 0x0000000712400000, 0x0000000712600000|  0%| F|  |TAMS 0x0000000712400000, 0x0000000712400000| Untracked 
| 112|0x0000000712600000, 0x0000000712600000, 0x0000000712800000|  0%| F|  |TAMS 0x0000000712600000, 0x0000000712600000| Untracked 
| 113|0x0000000712800000, 0x0000000712800000, 0x0000000712a00000|  0%| F|  |TAMS 0x0000000712800000, 0x0000000712800000| Untracked 
| 114|0x0000000712a00000, 0x0000000712a00000, 0x0000000712c00000|  0%| F|  |TAMS 0x0000000712a00000, 0x0000000712a00000| Untracked 
| 115|0x0000000712c00000, 0x0000000712c00000, 0x0000000712e00000|  0%| F|  |TAMS 0x0000000712c00000, 0x0000000712c00000| Untracked 
| 116|0x0000000712e00000, 0x0000000712e00000, 0x0000000713000000|  0%| F|  |TAMS 0x0000000712e00000, 0x0000000712e00000| Untracked 
| 117|0x0000000713000000, 0x0000000713000000, 0x0000000713200000|  0%| F|  |TAMS 0x0000000713000000, 0x0000000713000000| Untracked 
| 118|0x0000000713200000, 0x0000000713200000, 0x0000000713400000|  0%| F|  |TAMS 0x0000000713200000, 0x0000000713200000| Untracked 
| 119|0x0000000713400000, 0x0000000713400000, 0x0000000713600000|  0%| F|  |TAMS 0x0000000713400000, 0x0000000713400000| Untracked 
| 120|0x0000000713600000, 0x0000000713600000, 0x0000000713800000|  0%| F|  |TAMS 0x0000000713600000, 0x0000000713600000| Untracked 
| 121|0x0000000713800000, 0x0000000713800000, 0x0000000713a00000|  0%| F|  |TAMS 0x0000000713800000, 0x0000000713800000| Untracked 
| 122|0x0000000713a00000, 0x0000000713a00000, 0x0000000713c00000|  0%| F|  |TAMS 0x0000000713a00000, 0x0000000713a00000| Untracked 
| 123|0x0000000713c00000, 0x0000000713c00000, 0x0000000713e00000|  0%| F|  |TAMS 0x0000000713c00000, 0x0000000713c00000| Untracked 
| 124|0x0000000713e00000, 0x0000000713f52700, 0x0000000714000000| 66%| E|  |TAMS 0x0000000713e00000, 0x0000000713e00000| Complete 
| 125|0x0000000714000000, 0x0000000714200000, 0x0000000714200000|100%| E|CS|TAMS 0x0000000714000000, 0x0000000714000000| Complete 

Card table byte_map: [0x000001884a100000,0x000001884a8e0000] _byte_map_base: 0x00000188468dd000

Marking Bits (Prev, Next): (CMBitMap*) 0x00000188308c6d70, (CMBitMap*) 0x00000188308c6db0
 Prev Bits: [0x000001884b0c0000, 0x000001884efa8000)
 Next Bits: [0x000001884efb0000, 0x0000018852e98000)

Polling page: 0x0000018830920000

Metaspace:

Usage:
  Non-class:    716.21 KB used.
      Class:     65.23 KB used.
       Both:    781.45 KB used.

Virtual space:
  Non-class space:       64.00 MB reserved,     832.00 KB (  1%) committed,  1 nodes.
      Class space:        1.00 GB reserved,     128.00 KB ( <1%) committed,  1 nodes.
             Both:        1.06 GB reserved,     960.00 KB ( <1%) committed. 

Chunk freelists:
   Non-Class:  3.98 MB
       Class:  3.74 MB
        Both:  7.73 MB

MaxMetaspaceSize: unlimited
CompressedClassSpaceSize: 1.00 GB
Initial GC threshold: 21.00 MB
Current GC threshold: 21.00 MB
CDS: on
MetaspaceReclaimPolicy: balanced
 - commit_granule_bytes: 65536.
 - commit_granule_words: 8192.
 - virtual_space_node_default_size: 8388608.
 - enlarge_chunks_in_place: 1.
 - new_chunks_are_fully_committed: 0.
 - uncommit_free_chunks: 1.
 - use_allocation_guard: 0.


Internal statistics:

num_allocs_failed_limit: 0.
num_arena_births: 14.
num_arena_deaths: 0.
num_vsnodes_births: 2.
num_vsnodes_deaths: 0.
num_space_committed: 15.
num_space_uncommitted: 0.
num_chunks_returned_to_freelist: 0.
num_chunks_taken_from_freelist: 15.
num_chunk_merges: 0.
num_chunk_splits: 8.
num_chunks_enlarged: 4.
num_inconsistent_stats: 0.

CodeHeap 'non-profiled nmethods': size=119168Kb used=67Kb max_used=67Kb free=119100Kb
 bounds [0x0000018841510000, 0x0000018841780000, 0x0000018848970000]
CodeHeap 'profiled nmethods': size=119104Kb used=349Kb max_used=349Kb free=118754Kb
 bounds [0x000001883a0c0000, 0x000001883a330000, 0x0000018841510000]
CodeHeap 'non-nmethods': size=7488Kb used=2248Kb max_used=2262Kb free=5239Kb
 bounds [0x0000018839970000, 0x0000018839be0000, 0x000001883a0c0000]
 total_blobs=660 nmethods=268 adapters=303
 compilation: enabled
              stopped_count=0, restarted_count=0
 full_count=0

Compilation events (20 events):
Event: 0.050 Thread 0x000001885a1d14a0 nmethod 186 0x000001883a0fbe90 code [0x000001883a0fc040, 0x000001883a0fc498]
Event: 0.050 Thread 0x000001885a1d14a0  188       1       java.lang.module.ModuleDescriptor$Provides::service (5 bytes)
Event: 0.050 Thread 0x000001885a1d14a0 nmethod 188 0x000001884151bd90 code [0x000001884151bf20, 0x000001884151bff8]
Event: 0.050 Thread 0x000001885a1d14a0  189       3       java.lang.StringBuilder::<init> (7 bytes)
Event: 0.050 Thread 0x000001885a1d14a0 nmethod 189 0x000001883a0fc610 code [0x000001883a0fc7a0, 0x000001883a0fc8e8]
Event: 0.051 Thread 0x0000018855ef1770  190       4       java.util.HashMap::putVal (300 bytes)
Event: 0.052 Thread 0x000001885a1d14a0  192       3       java.lang.CharacterDataLatin1::getProperties (11 bytes)
Event: 0.052 Thread 0x000001885a1d14a0 nmethod 192 0x000001883a0fc990 code [0x000001883a0fcb20, 0x000001883a0fcc58]
Event: 0.052 Thread 0x000001885a1d14a0  193       3       java.lang.System::getSecurityManager (12 bytes)
Event: 0.052 Thread 0x000001885a1d2990  194       3       java.lang.System::allowSecurityManager (13 bytes)
Event: 0.052 Thread 0x0000018855efb490  195       3       java.lang.Class::getName (18 bytes)
Event: 0.052 Thread 0x000001885a1d2990 nmethod 194 0x000001883a0fcd10 code [0x000001883a0fcea0, 0x000001883a0fcf98]
Event: 0.052 Thread 0x000001885a1d14a0 nmethod 193 0x000001883a0fd010 code [0x000001883a0fd1a0, 0x000001883a0fd318]
Event: 0.052 Thread 0x0000018855efb490 nmethod 195 0x000001883a0fd410 code [0x000001883a0fd5c0, 0x000001883a0fd748]
Event: 0.053 Thread 0x0000018855efb490  196       3       java.lang.Character::charCount (12 bytes)
Event: 0.053 Thread 0x0000018855efb490 nmethod 196 0x000001883a0fd810 code [0x000001883a0fd9a0, 0x000001883a0fdb18]
Event: 0.053 Thread 0x0000018855efb490  198       1       java.lang.invoke.MethodTypeForm::erasedType (5 bytes)
Event: 0.053 Thread 0x0000018855efb490 nmethod 198 0x000001884151c390 code [0x000001884151c520, 0x000001884151c5f8]
Event: 0.053 Thread 0x000001885a1d14a0  199       3       java.lang.Class::getPackageName (81 bytes)
Event: 0.054 Thread 0x000001885a1d14a0 nmethod 199 0x000001883a0fdb90 code [0x000001883a0fde20, 0x000001883a0fe8e8]

GC Heap History (0 events):
No events

Deoptimization events (4 events):
Event: 0.051 Thread 0x0000018830856300 Uncommon trap: trap_request=0xffffff45 fr.pc=0x00000188415187b8 relative=0x00000000000000b8
Event: 0.051 Thread 0x0000018830856300 Uncommon trap: reason=unstable_if action=reinterpret pc=0x00000188415187b8 method=java.lang.String.isLatin1()Z @ 10 c2
Event: 0.051 Thread 0x0000018830856300 DEOPT PACKING pc=0x00000188415187b8 sp=0x00000031616fec60
Event: 0.051 Thread 0x0000018830856300 DEOPT UNPACKING pc=0x00000188399c23a3 sp=0x00000031616feba0 mode 2

Classes loaded (20 events):
Event: 0.038 Loading class java/nio/file/DirectoryStream done
Event: 0.038 Loading class sun/nio/fs/WindowsDirectoryStream done
Event: 0.038 Loading class java/nio/file/FileTreeWalker$DirectoryNode
Event: 0.038 Loading class java/nio/file/FileTreeWalker$DirectoryNode done
Event: 0.038 Loading class sun/nio/fs/WindowsDirectoryStream$WindowsDirectoryIterator
Event: 0.038 Loading class sun/nio/fs/WindowsDirectoryStream$WindowsDirectoryIterator done
Event: 0.038 Loading class java/nio/file/FileTreeWalker$Event
Event: 0.038 Loading class java/nio/file/FileTreeWalker$Event done
Event: 0.038 Loading class java/nio/file/FileTreeWalker$EventType
Event: 0.038 Loading class java/nio/file/FileTreeWalker$EventType done
Event: 0.041 Loading class sun/nio/fs/WindowsPath$WindowsPathWithAttributes
Event: 0.041 Loading class sun/nio/fs/BasicFileAttributesHolder
Event: 0.041 Loading class sun/nio/fs/BasicFileAttributesHolder done
Event: 0.041 Loading class sun/nio/fs/WindowsPath$WindowsPathWithAttributes done
Event: 0.051 Loading class jdk/internal/module/ModuleReferences$ExplodedModuleReader
Event: 0.051 Loading class jdk/internal/module/ModuleReferences$ExplodedModuleReader done
Event: 0.051 Loading class jdk/internal/module/ModulePatcher$PatchedModuleReader
Event: 0.051 Loading class jdk/internal/module/ModulePatcher$PatchedModuleReader done
Event: 0.052 Loading class java/util/Scanner
Event: 0.053 Loading class java/util/Scanner done

Classes unloaded (0 events):
No events

Classes redefined (0 events):
No events

Internal exceptions (1 events):
Event: 0.038 Thread 0x0000018830856300 Exception <a 'java/lang/NoSuchMethodError'{0x0000000714120f40}: 'void java.lang.invoke.DirectMethodHandle$Holder.invokeVirtual(java.lang.Object, java.lang.Object)'> (0x0000000714120f40) 
thrown [s\open\src\hotspot\share\interpreter\linkResolver.cpp, line 766]

VM Operations (0 events):
No events

Events (18 events):
Event: 0.004 Loaded shared library C:\Program Files\Java\jdk-18.0.1.1\bin\java.dll
Event: 0.009 Loaded shared library C:\Program Files\Java\jdk-18.0.1.1\bin\jsvml.dll
Event: 0.009 Thread 0x0000018830856300 Thread added: 0x0000018830856300
Event: 0.010 Thread 0x0000018855eac0e0 Thread added: 0x0000018855eac0e0
Event: 0.010 Thread 0x0000018855eadee0 Thread added: 0x0000018855eadee0
Event: 0.016 Thread 0x0000018855ec92f0 Thread added: 0x0000018855ec92f0
Event: 0.016 Thread 0x0000018855ecabb0 Thread added: 0x0000018855ecabb0
Event: 0.017 Thread 0x0000018855ecb670 Thread added: 0x0000018855ecb670
Event: 0.017 Thread 0x0000018855ece8d0 Thread added: 0x0000018855ece8d0
Event: 0.017 Thread 0x0000018855ef1770 Thread added: 0x0000018855ef1770
Event: 0.017 Thread 0x0000018855efb490 Thread added: 0x0000018855efb490
Event: 0.017 Thread 0x0000018855f0e550 Thread added: 0x0000018855f0e550
Event: 0.028 Thread 0x000001885a1bd360 Thread added: 0x000001885a1bd360
Event: 0.031 Loaded shared library C:\Program Files\Java\jdk-18.0.1.1\bin\net.dll
Event: 0.032 Loaded shared library C:\Program Files\Java\jdk-18.0.1.1\bin\nio.dll
Event: 0.046 Thread 0x000001885a1d2990 Thread added: 0x000001885a1d2990
Event: 0.046 Thread 0x000001885a1d14a0 Thread added: 0x000001885a1d14a0
Event: 0.050 Thread 0x000001885a252440 Thread added: 0x000001885a252440


Dynamic libraries:
0x00007ff773ba0000 - 0x00007ff773bb0000 	C:\Program Files\Java\jdk-18.0.1.1\bin\javaw.exe
0x00007ffc2fcb0000 - 0x00007ffc2fea8000 	C:\windows\SYSTEM32\ntdll.dll
0x00007ffc2df10000 - 0x00007ffc2dfcd000 	C:\windows\System32\KERNEL32.DLL
0x00007ffc2d560000 - 0x00007ffc2d82e000 	C:\windows\System32\KERNELBASE.dll
0x00007ffc2daa0000 - 0x00007ffc2dba0000 	C:\windows\System32\ucrtbase.dll
0x00007ffc20eb0000 - 0x00007ffc20ec8000 	C:\Program Files\Java\jdk-18.0.1.1\bin\jli.dll
0x00007ffc20e90000 - 0x00007ffc20eaa000 	C:\Program Files\Java\jdk-18.0.1.1\bin\VCRUNTIME140.dll
0x00007ffc2f080000 - 0x00007ffc2f12e000 	C:\windows\System32\ADVAPI32.dll
0x00007ffc2dfd0000 - 0x00007ffc2e06e000 	C:\windows\System32\msvcrt.dll
0x00007ffc2e430000 - 0x00007ffc2e4cc000 	C:\windows\System32\sechost.dll
0x00007ffc2e600000 - 0x00007ffc2e725000 	C:\windows\System32\RPCRT4.dll
0x00007ffc2f130000 - 0x00007ffc2f2d0000 	C:\windows\System32\USER32.dll
0x00007ffc0e840000 - 0x00007ffc0eada000 	C:\windows\WinSxS\amd64_microsoft.windows.common-controls_6595b64144ccf1df_6.0.19041.1110_none_60b5254171f9507e\COMCTL32.dll
0x00007ffc2d3f0000 - 0x00007ffc2d412000 	C:\windows\System32\win32u.dll
0x00007ffc2f3b0000 - 0x00007ffc2f3da000 	C:\windows\System32\GDI32.dll
0x00007ffc2d830000 - 0x00007ffc2d93b000 	C:\windows\System32\gdi32full.dll
0x00007ffc2dba0000 - 0x00007ffc2dc3d000 	C:\windows\System32\msvcp_win.dll
0x00007ffc23400000 - 0x00007ffc2340a000 	C:\windows\SYSTEM32\VERSION.dll
0x00007ffc2e120000 - 0x00007ffc2e150000 	C:\windows\System32\IMM32.DLL
0x00007ffc20e80000 - 0x00007ffc20e8c000 	C:\Program Files\Java\jdk-18.0.1.1\bin\vcruntime140_1.dll
0x00007ffc20c60000 - 0x00007ffc20ced000 	C:\Program Files\Java\jdk-18.0.1.1\bin\msvcp140.dll
0x00007ffbea760000 - 0x00007ffbeb370000 	C:\Program Files\Java\jdk-18.0.1.1\bin\server\jvm.dll
0x00007ffc2df00000 - 0x00007ffc2df08000 	C:\windows\System32\PSAPI.DLL
0x00007ffc197b0000 - 0x00007ffc197d7000 	C:\windows\SYSTEM32\WINMM.dll
0x00007ffc20c40000 - 0x00007ffc20c49000 	C:\windows\SYSTEM32\WSOCK32.dll
0x00007ffc2eee0000 - 0x00007ffc2ef4b000 	C:\windows\System32\WS2_32.dll
0x00007ffc2bc80000 - 0x00007ffc2bc92000 	C:\windows\SYSTEM32\kernel.appcore.dll
0x00007ffc20c30000 - 0x00007ffc20c3a000 	C:\Program Files\Java\jdk-18.0.1.1\bin\jimage.dll
0x00007ffc2b010000 - 0x00007ffc2b1f4000 	C:\windows\SYSTEM32\DBGHELP.DLL
0x00007ffbfe770000 - 0x00007ffbfe79c000 	C:\windows\SYSTEM32\dbgcore.DLL
0x00007ffc2d4d0000 - 0x00007ffc2d552000 	C:\windows\System32\bcryptPrimitives.dll
0x00007ffc03150000 - 0x00007ffc03175000 	C:\Program Files\Java\jdk-18.0.1.1\bin\java.dll
0x00007ffbedf40000 - 0x00007ffbee016000 	C:\Program Files\Java\jdk-18.0.1.1\bin\jsvml.dll
0x00007ffc2e730000 - 0x00007ffc2ee74000 	C:\windows\System32\SHELL32.dll
0x00007ffc2b460000 - 0x00007ffc2bbf4000 	C:\windows\SYSTEM32\windows.storage.dll
0x00007ffc2f3f0000 - 0x00007ffc2f744000 	C:\windows\System32\combase.dll
0x00007ffc2cc50000 - 0x00007ffc2cc80000 	C:\windows\SYSTEM32\Wldp.dll
0x00007ffc2e150000 - 0x00007ffc2e1fd000 	C:\windows\System32\SHCORE.dll
0x00007ffc2f750000 - 0x00007ffc2f7a5000 	C:\windows\System32\shlwapi.dll
0x00007ffc2d2e0000 - 0x00007ffc2d2ff000 	C:\windows\SYSTEM32\profapi.dll
0x00007ffc17900000 - 0x00007ffc17913000 	C:\Program Files\Java\jdk-18.0.1.1\bin\net.dll
0x00007ffc26a40000 - 0x00007ffc26b4a000 	C:\windows\SYSTEM32\WINHTTP.dll
0x00007ffc2ca30000 - 0x00007ffc2ca9a000 	C:\windows\system32\mswsock.dll
0x00007ffc0a0b0000 - 0x00007ffc0a0c6000 	C:\Program Files\Java\jdk-18.0.1.1\bin\nio.dll

dbghelp: loaded successfully - version: 4.0.5 - missing functions: none
symbol engine: initialized successfully - sym options: 0x614 - pdb path: .;C:\Program Files\Java\jdk-18.0.1.1\bin;C:\windows\SYSTEM32;C:\windows\WinSxS\amd64_microsoft.windows.common-controls_6595b64144ccf1df_6.0.19041.1110_none_60b5254171f9507e;C:\Program Files\Java\jdk-18.0.1.1\bin\server

VM Arguments:
jvm_args: -Dfile.encoding=UTF-8 --module-path=C:\Users\logonrmlocal\git\teste\Mmunhos\bin -XX:+ShowCodeDetailsInExceptionMessages -Djdk.module.main=Mmunhos 
java_command: Mmunhos/logicaaula06.Exercicio07
java_class_path (initial): <not set>
Launcher Type: SUN_STANDARD

[Global flags]
     intx CICompilerCount                          = 12                                        {product} {ergonomic}
     uint ConcGCThreads                            = 3                                         {product} {ergonomic}
     uint G1ConcRefinementThreads                  = 13                                        {product} {ergonomic}
   size_t G1HeapRegionSize                         = 2097152                                   {product} {ergonomic}
    uintx GCDrainStackTargetSize                   = 64                                        {product} {ergonomic}
   size_t InitialHeapSize                          = 264241152                                 {product} {ergonomic}
   size_t MarkStackSize                            = 4194304                                   {product} {ergonomic}
   size_t MaxHeapSize                              = 4221566976                                {product} {ergonomic}
   size_t MaxNewSize                               = 2531262464                                {product} {ergonomic}
   size_t MinHeapDeltaBytes                        = 2097152                                   {product} {ergonomic}
   size_t MinHeapSize                              = 8388608                                   {product} {ergonomic}
    uintx NonNMethodCodeHeapSize                   = 7602480                                {pd product} {ergonomic}
    uintx NonProfiledCodeHeapSize                  = 122027880                              {pd product} {ergonomic}
    uintx ProfiledCodeHeapSize                     = 122027880                              {pd product} {ergonomic}
    uintx ReservedCodeCacheSize                    = 251658240                              {pd product} {ergonomic}
     bool SegmentedCodeCache                       = true                                      {product} {ergonomic}
     bool ShowCodeDetailsInExceptionMessages       = true                                   {manageable} {command line}
   size_t SoftMaxHeapSize                          = 4221566976                             {manageable} {ergonomic}
     bool UseCompressedClassPointers               = true                           {product lp64_product} {ergonomic}
     bool UseCompressedOops                        = true                           {product lp64_product} {ergonomic}
     bool UseG1GC                                  = true                                      {product} {ergonomic}
     bool UseLargePagesIndividualAllocation        = false                                  {pd product} {ergonomic}

Logging:
Log output configuration:
 #0: stdout all=warning uptime,level,tags foldmultilines=false
 #1: stderr all=off uptime,level,tags foldmultilines=false

Environment Variables:
JAVA_HOME=C:\Program Files\Java\jdk1.8.0_333
PATH=c:/Program Files/Java/jdk-18.0.1.1/bin/server;c:/Program Files/Java/jdk-18.0.1.1/bin;C:\Program Files (x86)\VMware\VMware Workstation\bin\;C:\TwinCAT\Common64;C:\TwinCAT\Common32;C:\ProgramData\Anaconda3\Scripts;C:\ProgramData\Anaconda3;C:\Python27\;C:\Python27\Scripts;C:\Python310\Scripts\;C:\Python310\;C:\Program Files (x86)\NVIDIA Corporation\PhysX\Common;C:\Program Files\Microsoft MPI\Bin\;C:\Program Files\Common Files\Oracle\Java\javapath;C:\Program Files (x86)\Common Files\Oracle\Java\javapath;C:\Windows\system32;C:\Windows;C:\Windows\System32\Wbem;C:\Windows\System32\WindowsPowerShell\v1.0\;C:\Windows\System32\OpenSSH\;C:\Program Files\Microsoft VS Code\bin;C:\Program Files\Amazon\AWSCLIV2\;C:\Program Files (x86)\WinSCP\;C:\Opensource\apache-cassandra-3.11.13\bin;C:\xampp\php;C:\ProgramData\ComposerSetup\bin;C:\Opensource\apache-maven-3.8.6\bin;C:\Program Files\Microsoft SQL Server\120\Tools\Binn\;C:\Program Files\dotnet\;C:\Program Files\Microsoft SQL Server\Client SDK\ODBC\170\Tools\Binn\;C:\Program Files (x86)\Microsoft SQL Server\150\Tools\Binn\;C:\Program Files\Microsoft SQL Server\150\Tools\Binn\;C:\Program Files\Microsoft SQL Server\150\DTS\Binn\;C:\Program Files (x86)\Microsoft SQL Server\150\DTS\Binn\;C:\Program Files\Azure Data Studio\bin;C:\Program Files\PuTTY\;C:\Program Files (x86)\Windows Kits\8.1\Windows Performance Toolkit\;C:\Program Files\Git\cmd;C:\Program Files (x86)\Microchip\MPLAB C32 Suite\bin;C:\Program Files\nodejs\;C:\ProgramData\chocolatey\bin;C:\HashiCorp\Vagrant\bin;C:\src\flutter\bin;C:\Opensource\gradle-7.4.2\bin;C:\Opensource\terraform_1.2.2;C:\Program Files\Docker\Docker\resources\bin;C:\ProgramData\DockerDesktop\version-bin;C:\Android_SDK\tools;C:\Android_SDK\platform-tools;C:\Android_SDK\build-tools\33.0.0;C:\Program Files\Common Files\Autodesk Shared\;C:\Program Files\MySQL\MySQL Shell 8.0\bin\;C:\Users\logonrmlocal\AppData\Local\Microsoft\WindowsApps;C:\Users\logonrmlocal\AppData\Roaming\Composer\vendor\bin;C:\Users\logonrmlocal\AppData\Local\Programs\Rancher Desktop\resources\resources\win32\bin;C:\Users\logonrmlocal\AppData\Local\Programs\Rancher Desktop\resources\resources\linux\bin;C:\Program Files\Azure Data Studio\bin;C:\Users\logonrmlocal\AppData\Local\GitHubDesktop\bin;C:\Program Files\JetBrains\IntelliJ IDEA Community Edition 2022.1.2\bin;;C:\Users\logonrmlocal\AppData\Roaming\npm;C:\Users\logonrmlocal\.dotnet\tools;C:\intelFPGA_lite\18.1\modelsim_ase\win32aloem;C:\windows\system32;
USERNAME=logonrmlocal
OS=Windows_NT
PROCESSOR_IDENTIFIER=Intel64 Family 6 Model 165 Stepping 5, GenuineIntel



---------------  S Y S T E M  ---------------

OS:
 Windows 10 , 64 bit Build 19041 (10.0.19041.1806)
OS uptime: 0 days 4:56 hours
Hyper-V role detected

CPU: total 16 (initial active 16) (8 cores per cpu, 2 threads per core) family 6 model 165 stepping 5 microcode 0xee, cx8, cmov, fxsr, ht, mmx, 3dnowpref, sse, sse2, sse3, ssse3, sse4.1, sse4.2, popcnt, lzcnt, tsc, tscinvbit, avx, avx2, aes, erms, clmul, bmi1, bmi2, adx, fma, vzeroupper, clflush, clflushopt, hv

Memory: 4k page, system-wide physical 16096M (6638M free)
TotalPageFile size 16096M (AvailPageFile size 4M)
current process WorkingSet (physical memory assigned to process): 37M, peak: 37M
current process commit charge ("private bytes"): 352M, peak: 353M

vm_info: Java HotSpot(TM) 64-Bit Server VM (18.0.1.1+2-6) for windows-amd64 JRE (18.0.1.1+2-6), built on Apr 25 2022 21:53:15 by "mach5one" with MS VC++ 16.8 / 16.9 (VS2019)

END.
